<?xml version="1.0" encoding="UTF-8"?>
<!-- Generated by org.testng.reporters.JUnitReportReporter -->
<testsuite hostname="DESKTOP-SOE7N6S" failures="0" tests="1" name="Practice_Locators.StandaloneTestE2E" time="11.336" errors="0" timestamp="2024-02-19T18:53:35 IST" skipped="0">
  <testcase classname="Practice_Locators.StandaloneTestE2E" name="eCommE2E" time="11.336"/>
</testsuite> <!-- Practice_Locators.StandaloneTestE2E -->
