<?xml version="1.0" encoding="UTF-8"?>
<!-- Generated by org.testng.reporters.JUnitReportReporter -->
<testsuite hostname="DESKTOP-SOE7N6S" failures="0" tests="1" name="Practice_Locators.Multipe_Windows" time="8.206" errors="0" timestamp="2024-02-21T15:20:38 IST" skipped="0">
  <testcase classname="Practice_Locators.Multipe_Windows" name="MultipleMethods" time="8.206"/>
</testsuite> <!-- Practice_Locators.Multipe_Windows -->
