<?xml version="1.0" encoding="UTF-8"?>
<!-- Generated by org.testng.reporters.JUnitReportReporter -->
<testsuite hostname="DESKTOP-SOE7N6S" failures="0" tests="1" name="Practice_Locators.RelativeLocators" time="5.670" errors="0" timestamp="2024-02-21T15:20:38 IST" skipped="0">
  <testcase classname="Practice_Locators.RelativeLocators" name="relativeLocators" time="5.670"/>
</testsuite> <!-- Practice_Locators.RelativeLocators -->
